<?xml version="1.0" encoding="UTF-8"?>
<!-- Generated by org.testng.reporters.JUnitReportReporter -->
<testsuite hostname="RNZ880310-01-F" failures="0" tests="1" name="fuelautomation.StartFuelTest" time="2.010" errors="0" timestamp="2023-01-15T12:40:24 GMT" skipped="0">
  <testcase classname="fuelautomation.StartFuelTest" name="mainTest" time="2.010"/>
  <system-out/>
</testsuite> <!-- fuelautomation.StartFuelTest -->
