<?xml version="1.0" encoding="UTF-8"?>
<!-- Generated by org.testng.reporters.JUnitReportReporter -->
<testsuite hostname="RNZ880310-01-F" failures="0" tests="1" name="com.qa.fuelapp.test.StartFuelTest" time="0.836" errors="0" timestamp="2023-01-16T03:24:53 GMT" skipped="0">
  <testcase classname="com.qa.fuelapp.test.StartFuelTest" name="startFuel" time="0.836"/>
  <system-out/>
</testsuite> <!-- com.qa.fuelapp.test.StartFuelTest -->
