<?xml version="1.0" encoding="UTF-8"?>
<!-- Generated by org.testng.reporters.JUnitReportReporter -->
<testsuite hostname="RNZ880310-01-P" failures="0" tests="3" name="com.qa.winapp.test.Testcases" time="196.543" errors="0" timestamp="2023-09-21T11:19:22 BST" skipped="0">
  <testcase classname="com.qa.winapp.test.Testcases" name="dry_trans" time="58.471"/>
  <system-out/>
  <testcase classname="com.qa.winapp.test.Testcases" name="fuel_pak_trans" time="76.469"/>
  <system-out/>
  <testcase classname="com.qa.winapp.test.Testcases" name="fuel_prepay_trans" time="61.603"/>
  <system-out/>
</testsuite> <!-- com.qa.winapp.test.Testcases -->
