<?xml version="1.0" encoding="UTF-8"?>
<!-- Generated by org.testng.reporters.JUnitReportReporter -->
<testsuite skipped="0" hostname="USHYDGARREDDY1" name="Docker.Docker_Grid_Test.GridTwoTest" tests="1" failures="0" timestamp="2022-02-10T16:56:04 IST" time="47.890" errors="0">
  <testcase name="m2" time="47.890" classname="Docker.Docker_Grid_Test.GridTwoTest"/>
  <system-out/>
</testsuite> <!-- Docker.Docker_Grid_Test.GridTwoTest -->
