<?xml version="1.0" encoding="UTF-8"?>
<!-- Generated by org.testng.reporters.JUnitReportReporter -->
<testsuite skipped="0" hostname="USHYDGARREDDY1" name="Docker.Docker_Grid_Test.Grid" tests="1" failures="0" timestamp="2022-02-10T15:26:40 IST" time="165.269" errors="0">
  <testcase name="m1" time="165.269" classname="Docker.Docker_Grid_Test.Grid"/>
  <system-out/>
</testsuite> <!-- Docker.Docker_Grid_Test.Grid -->
