<?xml version="1.0" encoding="UTF-8"?>
<!-- Generated by org.testng.reporters.JUnitReportReporter -->
<testsuite hostname="RNZ880310-01-F" failures="0" tests="1" name="com.qa.fuelapp.test.FuellingTest" time="17.300" errors="0" timestamp="2023-09-21T11:19:50 BST" skipped="0">
  <testcase classname="com.qa.fuelapp.test.FuellingTest" name="fuelling" time="17.300"/>
  <system-out/>
</testsuite> <!-- com.qa.fuelapp.test.FuellingTest -->
